TN:
SF:C:\Users\user\questioner\server/server.js
FN:12,(anonymous_1)
FNF:1
FNH:1
FNDA:1,(anonymous_1)
DA:1,1
DA:2,1
DA:3,1
DA:4,1
DA:6,1
DA:8,1
DA:10,1
DA:12,1
DA:13,1
DA:19,1
LF:10
LH:10
BRDA:19,0,0,1
BRDA:19,0,1,1
BRF:2
BRH:2
end_of_record
TN:
SF:C:\Users\user\questioner\server\controller/MeetupController.js
FN:14,(anonymous_1)
FN:39,(anonymous_2)
FN:72,(anonymous_3)
FN:95,(anonymous_4)
FN:111,(anonymous_5)
FN:127,(anonymous_6)
FNF:6
FNH:4
FNDA:2,(anonymous_1)
FNDA:2,(anonymous_2)
FNDA:2,(anonymous_3)
FNDA:1,(anonymous_4)
FNDA:0,(anonymous_5)
FNDA:0,(anonymous_6)
DA:1,1
DA:2,1
DA:15,2
DA:17,2
DA:18,0
DA:23,2
DA:25,2
DA:40,2
DA:42,2
DA:43,0
DA:48,2
DA:49,2
DA:50,2
DA:52,1
DA:58,1
DA:73,2
DA:74,2
DA:75,2
DA:76,0
DA:81,2
DA:96,1
DA:97,1
DA:112,0
DA:113,0
DA:128,0
DA:129,0
DA:130,0
DA:135,0
LF:28
LH:19
BRDA:17,0,0,0
BRDA:17,0,1,2
BRDA:42,1,0,0
BRDA:42,1,1,2
BRDA:75,2,0,0
BRDA:75,2,1,2
BRDA:129,3,0,0
BRDA:129,3,1,0
BRF:8
BRH:3
end_of_record
TN:
SF:C:\Users\user\questioner\server\controller/QuestionController.js
FN:14,(anonymous_1)
FN:32,(anonymous_2)
FN:56,(anonymous_3)
FN:72,(anonymous_4)
FN:96,(anonymous_5)
FNF:5
FNH:5
FNDA:1,(anonymous_1)
FNDA:1,(anonymous_2)
FNDA:1,(anonymous_3)
FNDA:1,(anonymous_4)
FNDA:1,(anonymous_5)
DA:1,1
DA:2,1
DA:15,1
DA:16,1
DA:18,1
DA:33,1
DA:35,1
DA:36,1
DA:37,0
DA:42,1
DA:57,1
DA:58,1
DA:73,1
DA:75,1
DA:76,1
DA:77,0
DA:82,1
DA:97,1
DA:99,1
DA:100,1
DA:101,0
DA:106,1
LF:22
LH:19
BRDA:36,0,0,0
BRDA:36,0,1,1
BRDA:76,1,0,0
BRDA:76,1,1,1
BRDA:100,2,0,0
BRDA:100,2,1,1
BRF:6
BRH:3
end_of_record
TN:
SF:C:\Users\user\questioner\server\middleware/ValidateMeetup.js
FN:13,(anonymous_0)
FNF:1
FNH:1
FNDA:3,(anonymous_0)
DA:1,1
DA:14,3
DA:16,1
DA:22,1
DA:28,1
DA:31,0
LF:6
LH:5
BRDA:15,0,0,1
BRDA:15,0,1,1
BRDA:15,0,2,1
BRDA:15,0,3,0
BRF:4
BRH:3
end_of_record
TN:
SF:C:\Users\user\questioner\server\middleware/ValidateQuestion.js
FN:13,(anonymous_0)
FNF:1
FNH:1
FNDA:4,(anonymous_0)
DA:1,1
DA:14,4
DA:16,1
DA:25,2
DA:27,1
DA:30,0
LF:6
LH:5
BRDA:15,0,0,1
BRDA:15,0,1,2
BRDA:15,0,2,1
BRDA:15,0,3,0
BRF:4
BRH:3
end_of_record
TN:
SF:C:\Users\user\questioner\server\middleware/ValidationResultHandler.js
FN:3,(anonymous_0)
FN:5,(anonymous_1)
FNF:2
FNH:2
FNDA:10,(anonymous_0)
FNDA:3,(anonymous_1)
DA:1,1
DA:3,1
DA:4,10
DA:5,3
DA:7,10
DA:8,1
DA:10,9
LF:7
LH:7
BRDA:7,0,0,1
BRDA:7,0,1,9
BRF:2
BRH:2
end_of_record
TN:
SF:C:\Users\user\questioner\server\models/ErrorHandle.js
FN:1,ErrorHandle
FNF:1
FNH:1
FNDA:1,ErrorHandle
DA:2,1
LF:1
LH:1
BRF:0
BRH:0
end_of_record
TN:
SF:C:\Users\user\questioner\server\models/Meetup.js
FN:12,(anonymous_1)
FN:39,(anonymous_2)
FN:41,(anonymous_3)
FN:49,(anonymous_4)
FN:58,(anonymous_5)
FN:82,(anonymous_6)
FN:84,(anonymous_7)
FN:93,(anonymous_8)
FN:95,(anonymous_9)
FN:105,(anonymous_10)
FN:114,(anonymous_11)
FN:119,(anonymous_12)
FN:121,(anonymous_13)
FNF:13
FNH:8
FNDA:6,(anonymous_1)
FNDA:2,(anonymous_2)
FNDA:0,(anonymous_3)
FNDA:0,(anonymous_4)
FNDA:2,(anonymous_5)
FNDA:8,(anonymous_6)
FNDA:8,(anonymous_7)
FNDA:2,(anonymous_8)
FNDA:0,(anonymous_9)
FNDA:9,(anonymous_10)
FNDA:1,(anonymous_11)
FNDA:0,(anonymous_12)
FNDA:0,(anonymous_13)
DA:1,1
DA:2,1
DA:3,1
DA:4,1
DA:13,6
DA:24,6
DA:25,6
DA:40,2
DA:41,2
DA:50,0
DA:51,0
DA:59,2
DA:65,2
DA:66,0
DA:67,2
DA:68,1
DA:69,1
DA:70,1
DA:83,8
DA:84,8
DA:94,2
DA:95,2
DA:106,9
DA:115,1
DA:116,1
DA:120,0
DA:121,0
LF:27
LH:22
BRDA:16,0,0,6
BRDA:16,0,1,1
BRDA:17,1,0,6
BRDA:17,1,1,6
BRDA:18,2,0,6
BRDA:18,2,1,1
BRDA:19,3,0,6
BRDA:19,3,1,0
BRDA:20,4,0,6
BRDA:20,4,1,0
BRDA:21,5,0,6
BRDA:21,5,1,0
BRDA:22,6,0,6
BRDA:22,6,1,0
BRDA:61,7,0,2
BRDA:61,7,1,0
BRDA:62,8,0,2
BRDA:62,8,1,0
BRDA:63,9,0,2
BRDA:63,9,1,0
BRDA:65,10,0,0
BRDA:65,10,1,2
BRDA:65,11,0,2
BRDA:65,11,1,0
BRDA:67,12,0,1
BRDA:67,12,1,1
BRDA:67,13,0,2
BRDA:67,13,1,2
BRF:28
BRH:19
end_of_record
TN:
SF:C:\Users\user\questioner\server\models/Question.js
FN:10,(anonymous_1)
FN:31,(anonymous_2)
FN:33,(anonymous_3)
FN:48,(anonymous_4)
FN:50,(anonymous_5)
FN:60,(anonymous_6)
FN:69,(anonymous_7)
FNF:7
FNH:7
FNDA:4,(anonymous_1)
FNDA:2,(anonymous_2)
FNDA:2,(anonymous_3)
FNDA:1,(anonymous_4)
FNDA:1,(anonymous_5)
FNDA:5,(anonymous_6)
FNDA:1,(anonymous_7)
DA:1,1
DA:2,1
DA:3,1
DA:11,4
DA:20,4
DA:21,4
DA:32,2
DA:33,2
DA:34,2
DA:35,2
DA:36,2
DA:37,2
DA:38,2
DA:39,2
DA:49,1
DA:50,1
DA:61,5
DA:70,1
LF:18
LH:18
BRDA:14,0,0,4
BRDA:14,0,1,0
BRDA:15,1,0,4
BRDA:15,1,1,0
BRDA:16,2,0,4
BRDA:16,2,1,0
BRDA:17,3,0,4
BRDA:17,3,1,0
BRDA:18,4,0,4
BRDA:18,4,1,4
BRDA:36,5,0,1
BRDA:36,5,1,1
BRDA:37,6,0,1
BRDA:37,6,1,1
BRF:14
BRH:10
end_of_record
TN:
SF:C:\Users\user\questioner\server\models/db.js
FN:6,(anonymous_0)
FN:10,(anonymous_1)
FN:14,(anonymous_2)
FN:18,(anonymous_3)
FN:22,(anonymous_4)
FN:26,(anonymous_5)
FN:30,(anonymous_6)
FNF:7
FNH:7
FNDA:6,(anonymous_0)
FNDA:6,(anonymous_1)
FNDA:1,(anonymous_2)
FNDA:4,(anonymous_3)
FNDA:11,(anonymous_4)
FNDA:2,(anonymous_5)
FNDA:14,(anonymous_6)
DA:1,1
DA:2,1
DA:3,1
DA:7,6
DA:11,6
DA:15,1
DA:19,4
DA:23,11
DA:27,2
DA:31,14
DA:32,14
DA:33,14
DA:34,14
LF:13
LH:13
BRF:0
BRH:0
end_of_record
TN:
SF:C:\Users\user\questioner\server\routes/index.js
FN:9,(anonymous_2)
FN:24,(anonymous_3)
FNF:2
FNH:1
FNDA:0,(anonymous_2)
FNDA:1,(anonymous_3)
DA:1,1
DA:2,1
DA:3,1
DA:4,1
DA:6,1
DA:8,1
DA:9,1
DA:10,0
DA:11,0
DA:16,0
DA:19,1
DA:21,1
DA:22,1
DA:24,1
DA:25,1
LF:15
LH:12
BRDA:10,0,0,0
BRDA:10,0,1,0
BRF:2
BRH:0
end_of_record
TN:
SF:C:\Users\user\questioner\server\routes/meetupRoute.js
FNF:0
FNH:0
DA:1,1
DA:2,1
DA:3,1
DA:5,1
DA:7,1
DA:8,1
DA:9,1
DA:10,1
DA:11,1
DA:12,1
LF:10
LH:10
BRF:0
BRH:0
end_of_record
TN:
SF:C:\Users\user\questioner\server\routes/questionRoute.js
FNF:0
FNH:0
DA:1,1
DA:2,1
DA:3,1
DA:5,1
DA:7,1
DA:8,1
DA:9,1
DA:10,1
DA:11,1
LF:9
LH:9
BRF:0
BRH:0
end_of_record
